<?xml version="1.0" encoding="UTF-8"?>
<!-- Generated by org.testng.reporters.JUnitReportReporter -->
<testsuite hostname="DESKTOP-H75SLG5" failures="0" tests="4" name="JakisTest" time="0.190" errors="0" timestamp="2020-06-14T14:13:36 CEST" skipped="0">
  <testcase classname="JakisTest" name="TestHist" time="0.001"/>
  <system-out/>
  <testcase classname="JakisTest" name="TestPanel" time="0.091"/>
  <system-out/>
  <testcase classname="JakisTest" name="TestPasek" time="0.036"/>
  <system-out/>
  <testcase classname="JakisTest" name="TestButt" time="0.062"/>
  <system-out/>
</testsuite> <!-- JakisTest -->
